/sw/arch/eb/software/QUAST/5.3.0-gfbf-2024a/bin/quast.py /home/yesi4977/genome_analyses/analyses/02_genome_assembly/canu/pacbio_canu.contigs.fasta -o /home/yesi4977/genome_analyses/analyses/03_assembly_evaluation/quast --threads 2

Version: 5.3.0

System information:
  OS: Linux-5.14.0-611.41.1.el9_7.x86_64-x86_64-with-glibc2.34 (linux_64)
  Python version: 3.12.3
  CPUs number: 96

Started: 2026-04-28 14:15:12

Logging to /home/yesi4977/genome_analyses/analyses/03_assembly_evaluation/quast/quast.log
NOTICE: Output directory already exists and looks like a QUAST output dir. Existing results can be reused (e.g. previously generated alignments)!

CWD: /gorilla/home/yesi4977/genome_analyses/code
Main parameters: 
  MODE: default, threads: 2, min contig length: 500, min alignment length: 65, min alignment IDY: 95.0, \
  ambiguity: one, min local misassembly length: 200, min extensive misassembly length: 1000

Contigs:
  Pre-processing...
  /home/yesi4977/genome_analyses/analyses/02_genome_assembly/canu/pacbio_canu.contigs.fasta ==> pacbio_canu.contigs

2026-04-28 14:15:23
Running Basic statistics processor...
  Contig files: 
    pacbio_canu.contigs
  Calculating N50 and L50...
    pacbio_canu.contigs, N50 = 2763566, L50 = 1, auN = 2451863.9, Total length = 3135564, GC % = 37.79, # N's per 100 kbp =  0.00
  Drawing Nx plot...
    saved to /home/yesi4977/genome_analyses/analyses/03_assembly_evaluation/quast/basic_stats/Nx_plot.pdf
  Drawing cumulative plot...
    saved to /home/yesi4977/genome_analyses/analyses/03_assembly_evaluation/quast/basic_stats/cumulative_plot.pdf
  Drawing GC content plot...
    saved to /home/yesi4977/genome_analyses/analyses/03_assembly_evaluation/quast/basic_stats/GC_content_plot.pdf
  Drawing pacbio_canu.contigs GC content plot...
    saved to /home/yesi4977/genome_analyses/analyses/03_assembly_evaluation/quast/basic_stats/pacbio_canu.contigs_GC_content_plot.pdf
Done.

NOTICE: Genes are not predicted by default. Use --gene-finding or --glimmer option to enable it.

2026-04-28 14:15:28
Creating large visual summaries...
This may take a while: press Ctrl-C to skip this step..
  1 of 2: Creating PDF with all tables and plots...
  2 of 2: Creating Icarus viewers...
Done

2026-04-28 14:15:28
RESULTS:
  Text versions of total report are saved to /home/yesi4977/genome_analyses/analyses/03_assembly_evaluation/quast/report.txt, report.tsv, and report.tex
  Text versions of transposed total report are saved to /home/yesi4977/genome_analyses/analyses/03_assembly_evaluation/quast/transposed_report.txt, transposed_report.tsv, and transposed_report.tex
  HTML version (interactive tables and plots) is saved to /home/yesi4977/genome_analyses/analyses/03_assembly_evaluation/quast/report.html
  PDF version (tables and plots) is saved to /home/yesi4977/genome_analyses/analyses/03_assembly_evaluation/quast/report.pdf
  Icarus (contig browser) is saved to /home/yesi4977/genome_analyses/analyses/03_assembly_evaluation/quast/icarus.html
  Log is saved to /home/yesi4977/genome_analyses/analyses/03_assembly_evaluation/quast/quast.log

Finished: 2026-04-28 14:15:28
Elapsed time: 0:00:16.089520
NOTICEs: 2; WARNINGs: 0; non-fatal ERRORs: 0

Thank you for using QUAST!

  Log is saved to /home/yesi4977/genome_analyses/analyses/03_assembly_evaluation/quast/quast.log

Finished: 2026-04-28 14:15:28
Elapsed time: 0:00:16.089520
NOTICEs: 2; WARNINGs: 0; non-fatal ERRORs: 0

Thank you for using QUAST!
QUAST finished successfully!
